---
# Source: canary/templates/serviceaccount.yaml
apiVersion: v1
kind: ServiceAccount
metadata:
  name: release-name-canary
  labels:
    helm.sh/chart: canary-0.1.2
    app.kubernetes.io/name: canary
    app.kubernetes.io/instance: release-name
    app.kubernetes.io/version: "1.16.0"
    app.kubernetes.io/managed-by: Helm
automountServiceAccountToken: true

---
# Source: canary/templates/service.yaml
apiVersion: v1
kind: Service
metadata:
  name: release-name-canary
  labels:
    helm.sh/chart: canary-0.1.2
    app.kubernetes.io/name: canary
    app.kubernetes.io/instance: release-name
    app.kubernetes.io/version: "1.16.0"
    app.kubernetes.io/managed-by: Helm
spec:
  type: ClusterIP
  ports:
    - port: 80
      targetPort: http
      protocol: TCP
      name: http
  selector:
    app.kubernetes.io/name: canary
    app.kubernetes.io/instance: release-name
---
# Source: canary/templates/service.yaml
apiVersion: v1
kind: Service
metadata:
  name: release-name-canary-v2
  labels:
    helm.sh/chart: canary-0.1.2
    app.kubernetes.io/name: canary
    app.kubernetes.io/instance: release-name
    app.kubernetes.io/version: "1.16.0"
    app.kubernetes.io/managed-by: Helm
spec:
  type: ClusterIP
  ports:
    - port: 80
      targetPort: http
      protocol: TCP
      name: http
  selector:
    app.kubernetes.io/name: canary
    app.kubernetes.io/instance: release-name
---
# Source: canary/templates/deployment.yaml
apiVersion: apps/v1
kind: Deployment
metadata:
  name: release-name-canary
  labels:
    helm.sh/chart: canary-0.1.2
    app.kubernetes.io/name: canary
    app.kubernetes.io/instance: release-name
    app.kubernetes.io/version: "1.16.0"
    app.kubernetes.io/managed-by: Helm
spec:
  selector:
    matchLabels:
      app.kubernetes.io/name: canary
      app.kubernetes.io/instance: release-name
  template:
    metadata:
      labels:
        helm.sh/chart: canary-0.1.2
        app.kubernetes.io/name: canary
        app.kubernetes.io/instance: release-name
        app.kubernetes.io/version: "1.16.0"
        app.kubernetes.io/managed-by: Helm
    spec:
      serviceAccountName: release-name-canary
      containers:
        - name: canary
          image: "nginx:1.16.0"
          imagePullPolicy: IfNotPresent
          ports:
            - name: http
              containerPort: 80
              protocol: TCP
          livenessProbe:
            httpGet:
              path: /
              port: http
          readinessProbe:
            httpGet:
              path: /
              port: http
          resources:
            limits:
              cpu: 100m
              memory: 128Mi
            requests:
              cpu: 100m
              memory: 128Mi
          volumeMounts:
            - mountPath: /etc/nginx/conf.d/default.conf
              name: default-conf
              subPath: default.conf
      volumes:
        - configMap:
            name: nginx-conf
          name: default-conf
---
# Source: canary/templates/deployment.yaml
apiVersion: apps/v1
kind: Deployment
metadata:
  name: release-name-canary-v2
  labels:
    helm.sh/chart: canary-0.1.2
    app.kubernetes.io/name: canary
    app.kubernetes.io/instance: release-name
    app.kubernetes.io/version: "1.16.0"
    app.kubernetes.io/managed-by: Helm
spec:
  selector:
    matchLabels:
      app.kubernetes.io/name: canary
      app.kubernetes.io/instance: release-name
  template:
    metadata:
      labels:
        helm.sh/chart: canary-0.1.2
        app.kubernetes.io/name: canary
        app.kubernetes.io/instance: release-name
        app.kubernetes.io/version: "1.16.0"
        app.kubernetes.io/managed-by: Helm
    spec:
      serviceAccountName: release-name-canary
      containers:
        - name: canary-v2
          image: "nginx:1.16.0"
          imagePullPolicy: IfNotPresent
          ports:
            - name: http
              containerPort: 80
              protocol: TCP
          livenessProbe:
            httpGet:
              path: /
              port: http
          readinessProbe:
            httpGet:
              path: /
              port: http
          resources:
            limits:
              cpu: 100m
              memory: 128Mi
            requests:
              cpu: 100m
              memory: 128Mi
          volumeMounts:
            - mountPath: /etc/nginx/conf.d/default.conf
              name: default-conf
              subPath: default.conf
      volumes:
        - configMap:
            name: nginx-conf
          name: default-conf
---
# Source: canary/templates/hpa.yaml
apiVersion: autoscaling/v2
kind: HorizontalPodAutoscaler
metadata:
  name: release-name-canary
  labels:
    helm.sh/chart: canary-0.1.2
    app.kubernetes.io/name: canary
    app.kubernetes.io/instance: release-name
    app.kubernetes.io/version: "1.16.0"
    app.kubernetes.io/managed-by: Helm
spec:
  scaleTargetRef:
    apiVersion: apps/v1
    kind: Deployment
    name: release-name-canary
  minReplicas: 1
  maxReplicas: 3
  metrics:
    - type: Resource
      resource:
        name: cpu
        target:
          type: Utilization
          averageUtilization: 80
---
# Source: canary/templates/hpa.yaml
apiVersion: autoscaling/v2
kind: HorizontalPodAutoscaler
metadata:
  name: release-name-canary-v2
  labels:
    helm.sh/chart: canary-0.1.2
    app.kubernetes.io/name: canary
    app.kubernetes.io/instance: release-name
    app.kubernetes.io/version: "1.16.0"
    app.kubernetes.io/managed-by: Helm
spec:
  scaleTargetRef:
    apiVersion: apps/v1
    kind: Deployment
    name: release-name-canary
  minReplicas: 1
  maxReplicas: 3
  metrics:
    - type: Resource
      resource:
        name: cpu
        target:
          type: Utilization
          averageUtilization: 80

---
# Source: canary/templates/httproute.yaml
apiVersion: gateway.networking.k8s.io/v1
kind: HTTPRoute
metadata:
  name: release-name-canary
  labels:
    helm.sh/chart: canary-0.1.2
    app.kubernetes.io/name: canary
    app.kubernetes.io/instance: release-name
    app.kubernetes.io/version: "1.16.0"
    app.kubernetes.io/managed-by: Helm
spec:
  parentRefs:
    - name: canary
      namespace: istio-ingress
  hostnames:
    - nginx.aaronwasson.net
  rules:
    - matches:
        - path:
            type: PathPrefix
            value: /
      backendRefs:
        - name: release-name-canary
          port: 80
          weight: 8
        - name: release-name-canary-v2
          port: 80
          weight: 2
---
# Source: canary/templates/tests/test-connection.yaml
apiVersion: v1
kind: Pod
metadata:
  name: "release-name-canary-test-connection"
  labels:
    helm.sh/chart: canary-0.1.2
    app.kubernetes.io/name: canary
    app.kubernetes.io/instance: release-name
    app.kubernetes.io/version: "1.16.0"
    app.kubernetes.io/managed-by: Helm
  annotations:
    "helm.sh/hook": test
spec:
  containers:
    - name: wget
      image: busybox
      command: ['wget']
      args: ['release-name-canary:80']
  restartPolicy: Never

